[Error404] 2022-11-24 16:29:26 ---------------------------------------------------------
Uri: /js/jquery-1.11.3.min.js
Referer: http://basercms-practice.localhost:8888/
IP: ::1 by localhost
ua: Mozilla/5.0 (Macintosh; Intel Mac OS X 10_15_7) AppleWebKit/537.36 (KHTML, like Gecko) Chrome/107.0.0.0 Safari/537.36

[Error404] 2022-11-24 16:29:26 ---------------------------------------------------------
Uri: /css/editor.css
Referer: http://basercms-practice.localhost:8888/
IP: ::1 by localhost
ua: Mozilla/5.0 (Macintosh; Intel Mac OS X 10_15_7) AppleWebKit/537.36 (KHTML, like Gecko) Chrome/107.0.0.0 Safari/537.36

[Error404] 2022-11-24 16:29:26 ---------------------------------------------------------
Uri: /js/jquery.bxslider-4.12.min.js
Referer: http://basercms-practice.localhost:8888/
IP: ::1 by localhost
ua: Mozilla/5.0 (Macintosh; Intel Mac OS X 10_15_7) AppleWebKit/537.36 (KHTML, like Gecko) Chrome/107.0.0.0 Safari/537.36

[Error404] 2022-11-24 16:29:26 ---------------------------------------------------------
Uri: /js/jquery-accessibleMegaMenu.js
Referer: http://basercms-practice.localhost:8888/
IP: ::1 by localhost
ua: Mozilla/5.0 (Macintosh; Intel Mac OS X 10_15_7) AppleWebKit/537.36 (KHTML, like Gecko) Chrome/107.0.0.0 Safari/537.36

[Error404] 2022-11-24 16:29:26 ---------------------------------------------------------
Uri: /img/logo.png
Referer: http://basercms-practice.localhost:8888/
IP: ::1 by localhost
ua: Mozilla/5.0 (Macintosh; Intel Mac OS X 10_15_7) AppleWebKit/537.36 (KHTML, like Gecko) Chrome/107.0.0.0 Safari/537.36

[Error404] 2022-11-24 16:29:26 ---------------------------------------------------------
Uri: /img/main_image_2.jpg
Referer: http://basercms-practice.localhost:8888/
IP: ::1 by localhost
ua: Mozilla/5.0 (Macintosh; Intel Mac OS X 10_15_7) AppleWebKit/537.36 (KHTML, like Gecko) Chrome/107.0.0.0 Safari/537.36

[Error404] 2022-11-24 16:29:26 ---------------------------------------------------------
Uri: /img/main_image_3.jpg
Referer: http://basercms-practice.localhost:8888/
IP: ::1 by localhost
ua: Mozilla/5.0 (Macintosh; Intel Mac OS X 10_15_7) AppleWebKit/537.36 (KHTML, like Gecko) Chrome/107.0.0.0 Safari/537.36

[Error404] 2022-11-24 16:29:26 ---------------------------------------------------------
Uri: /img/main_image_1.jpg
Referer: http://basercms-practice.localhost:8888/
IP: ::1 by localhost
ua: Mozilla/5.0 (Macintosh; Intel Mac OS X 10_15_7) AppleWebKit/537.36 (KHTML, like Gecko) Chrome/107.0.0.0 Safari/537.36

[Error404] 2022-11-24 16:29:26 ---------------------------------------------------------
Uri: /img/main_image_4.jpg
Referer: http://basercms-practice.localhost:8888/
IP: ::1 by localhost
ua: Mozilla/5.0 (Macintosh; Intel Mac OS X 10_15_7) AppleWebKit/537.36 (KHTML, like Gecko) Chrome/107.0.0.0 Safari/537.36

[Error404] 2022-11-24 16:29:26 ---------------------------------------------------------
Uri: /img/main_image_5.jpg
Referer: http://basercms-practice.localhost:8888/
IP: ::1 by localhost
ua: Mozilla/5.0 (Macintosh; Intel Mac OS X 10_15_7) AppleWebKit/537.36 (KHTML, like Gecko) Chrome/107.0.0.0 Safari/537.36

[Error404] 2022-11-24 16:30:56 ---------------------------------------------------------
Uri: /js/jquery.bxslider-4.12.min.js
Referer: http://basercms-practice.localhost:8888/
IP: ::1 by localhost
ua: Mozilla/5.0 (Macintosh; Intel Mac OS X 10_15_7) AppleWebKit/537.36 (KHTML, like Gecko) Chrome/107.0.0.0 Safari/537.36

[Error404] 2022-11-24 16:30:56 ---------------------------------------------------------
Uri: /js/jquery-accessibleMegaMenu.js
Referer: http://basercms-practice.localhost:8888/
IP: ::1 by localhost
ua: Mozilla/5.0 (Macintosh; Intel Mac OS X 10_15_7) AppleWebKit/537.36 (KHTML, like Gecko) Chrome/107.0.0.0 Safari/537.36

[Error404] 2022-11-24 16:30:56 ---------------------------------------------------------
Uri: /css/editor.css
Referer: http://basercms-practice.localhost:8888/
IP: ::1 by localhost
ua: Mozilla/5.0 (Macintosh; Intel Mac OS X 10_15_7) AppleWebKit/537.36 (KHTML, like Gecko) Chrome/107.0.0.0 Safari/537.36

[Error404] 2022-11-24 16:30:56 ---------------------------------------------------------
Uri: /js/jquery-1.11.3.min.js
Referer: http://basercms-practice.localhost:8888/
IP: ::1 by localhost
ua: Mozilla/5.0 (Macintosh; Intel Mac OS X 10_15_7) AppleWebKit/537.36 (KHTML, like Gecko) Chrome/107.0.0.0 Safari/537.36

[Error404] 2022-11-24 16:30:56 ---------------------------------------------------------
Uri: /img/logo.png
Referer: http://basercms-practice.localhost:8888/
IP: ::1 by localhost
ua: Mozilla/5.0 (Macintosh; Intel Mac OS X 10_15_7) AppleWebKit/537.36 (KHTML, like Gecko) Chrome/107.0.0.0 Safari/537.36

[Error404] 2022-11-24 16:30:56 ---------------------------------------------------------
Uri: /img/main_image_2.jpg
Referer: http://basercms-practice.localhost:8888/
IP: ::1 by localhost
ua: Mozilla/5.0 (Macintosh; Intel Mac OS X 10_15_7) AppleWebKit/537.36 (KHTML, like Gecko) Chrome/107.0.0.0 Safari/537.36

[Error404] 2022-11-24 16:30:56 ---------------------------------------------------------
Uri: /img/main_image_4.jpg
Referer: http://basercms-practice.localhost:8888/
IP: ::1 by localhost
ua: Mozilla/5.0 (Macintosh; Intel Mac OS X 10_15_7) AppleWebKit/537.36 (KHTML, like Gecko) Chrome/107.0.0.0 Safari/537.36

[Error404] 2022-11-24 16:30:56 ---------------------------------------------------------
Uri: /img/main_image_1.jpg
Referer: http://basercms-practice.localhost:8888/
IP: ::1 by localhost
ua: Mozilla/5.0 (Macintosh; Intel Mac OS X 10_15_7) AppleWebKit/537.36 (KHTML, like Gecko) Chrome/107.0.0.0 Safari/537.36

[Error404] 2022-11-24 16:30:56 ---------------------------------------------------------
Uri: /img/main_image_5.jpg
Referer: http://basercms-practice.localhost:8888/
IP: ::1 by localhost
ua: Mozilla/5.0 (Macintosh; Intel Mac OS X 10_15_7) AppleWebKit/537.36 (KHTML, like Gecko) Chrome/107.0.0.0 Safari/537.36

[Error404] 2022-11-24 16:30:56 ---------------------------------------------------------
Uri: /img/main_image_3.jpg
Referer: http://basercms-practice.localhost:8888/
IP: ::1 by localhost
ua: Mozilla/5.0 (Macintosh; Intel Mac OS X 10_15_7) AppleWebKit/537.36 (KHTML, like Gecko) Chrome/107.0.0.0 Safari/537.36

[Error404] 2022-11-24 16:31:44 ---------------------------------------------------------
Uri: /js/jquery-1.11.3.min.js
Referer: http://basercms-practice.localhost:8888/
IP: ::1 by localhost
ua: Mozilla/5.0 (Macintosh; Intel Mac OS X 10_15_7) AppleWebKit/537.36 (KHTML, like Gecko) Chrome/107.0.0.0 Safari/537.36

[Error404] 2022-11-24 16:31:44 ---------------------------------------------------------
Uri: /js/jquery.bxslider-4.12.min.js
Referer: http://basercms-practice.localhost:8888/
IP: ::1 by localhost
ua: Mozilla/5.0 (Macintosh; Intel Mac OS X 10_15_7) AppleWebKit/537.36 (KHTML, like Gecko) Chrome/107.0.0.0 Safari/537.36

[Error404] 2022-11-24 16:31:44 ---------------------------------------------------------
Uri: /css/editor.css
Referer: http://basercms-practice.localhost:8888/
IP: ::1 by localhost
ua: Mozilla/5.0 (Macintosh; Intel Mac OS X 10_15_7) AppleWebKit/537.36 (KHTML, like Gecko) Chrome/107.0.0.0 Safari/537.36

[Error404] 2022-11-24 16:31:44 ---------------------------------------------------------
Uri: /js/jquery-accessibleMegaMenu.js
Referer: http://basercms-practice.localhost:8888/
IP: ::1 by localhost
ua: Mozilla/5.0 (Macintosh; Intel Mac OS X 10_15_7) AppleWebKit/537.36 (KHTML, like Gecko) Chrome/107.0.0.0 Safari/537.36

[Error404] 2022-11-24 16:31:44 ---------------------------------------------------------
Uri: /img/logo.png
Referer: http://basercms-practice.localhost:8888/
IP: ::1 by localhost
ua: Mozilla/5.0 (Macintosh; Intel Mac OS X 10_15_7) AppleWebKit/537.36 (KHTML, like Gecko) Chrome/107.0.0.0 Safari/537.36

[Error404] 2022-11-24 16:31:44 ---------------------------------------------------------
Uri: /img/main_image_2.jpg
Referer: http://basercms-practice.localhost:8888/
IP: ::1 by localhost
ua: Mozilla/5.0 (Macintosh; Intel Mac OS X 10_15_7) AppleWebKit/537.36 (KHTML, like Gecko) Chrome/107.0.0.0 Safari/537.36

[Error404] 2022-11-24 16:31:44 ---------------------------------------------------------
Uri: /img/main_image_1.jpg
Referer: http://basercms-practice.localhost:8888/
IP: ::1 by localhost
ua: Mozilla/5.0 (Macintosh; Intel Mac OS X 10_15_7) AppleWebKit/537.36 (KHTML, like Gecko) Chrome/107.0.0.0 Safari/537.36

[Error404] 2022-11-24 16:31:44 ---------------------------------------------------------
Uri: /img/main_image_3.jpg
Referer: http://basercms-practice.localhost:8888/
IP: ::1 by localhost
ua: Mozilla/5.0 (Macintosh; Intel Mac OS X 10_15_7) AppleWebKit/537.36 (KHTML, like Gecko) Chrome/107.0.0.0 Safari/537.36

[Error404] 2022-11-24 16:31:44 ---------------------------------------------------------
Uri: /img/main_image_4.jpg
Referer: http://basercms-practice.localhost:8888/
IP: ::1 by localhost
ua: Mozilla/5.0 (Macintosh; Intel Mac OS X 10_15_7) AppleWebKit/537.36 (KHTML, like Gecko) Chrome/107.0.0.0 Safari/537.36

[Error404] 2022-11-24 16:31:44 ---------------------------------------------------------
Uri: /img/main_image_5.jpg
Referer: http://basercms-practice.localhost:8888/
IP: ::1 by localhost
ua: Mozilla/5.0 (Macintosh; Intel Mac OS X 10_15_7) AppleWebKit/537.36 (KHTML, like Gecko) Chrome/107.0.0.0 Safari/537.36

[Error404] 2022-11-24 16:34:21 ---------------------------------------------------------
Uri: /js/jquery-accessibleMegaMenu.js
Referer: http://basercms-practice.localhost:8888/
IP: ::1 by localhost
ua: Mozilla/5.0 (Macintosh; Intel Mac OS X 10_15_7) AppleWebKit/537.36 (KHTML, like Gecko) Chrome/107.0.0.0 Safari/537.36

[Error404] 2022-11-24 16:34:21 ---------------------------------------------------------
Uri: /css/editor.css
Referer: http://basercms-practice.localhost:8888/
IP: ::1 by localhost
ua: Mozilla/5.0 (Macintosh; Intel Mac OS X 10_15_7) AppleWebKit/537.36 (KHTML, like Gecko) Chrome/107.0.0.0 Safari/537.36

[Error404] 2022-11-24 16:34:21 ---------------------------------------------------------
Uri: /js/jquery.bxslider-4.12.min.js
Referer: http://basercms-practice.localhost:8888/
IP: ::1 by localhost
ua: Mozilla/5.0 (Macintosh; Intel Mac OS X 10_15_7) AppleWebKit/537.36 (KHTML, like Gecko) Chrome/107.0.0.0 Safari/537.36

[Error404] 2022-11-24 16:34:21 ---------------------------------------------------------
Uri: /js/jquery-1.11.3.min.js
Referer: http://basercms-practice.localhost:8888/
IP: ::1 by localhost
ua: Mozilla/5.0 (Macintosh; Intel Mac OS X 10_15_7) AppleWebKit/537.36 (KHTML, like Gecko) Chrome/107.0.0.0 Safari/537.36

[Error404] 2022-11-24 16:34:21 ---------------------------------------------------------
Uri: /img/logo.png
Referer: http://basercms-practice.localhost:8888/
IP: ::1 by localhost
ua: Mozilla/5.0 (Macintosh; Intel Mac OS X 10_15_7) AppleWebKit/537.36 (KHTML, like Gecko) Chrome/107.0.0.0 Safari/537.36

[Error404] 2022-11-24 16:34:21 ---------------------------------------------------------
Uri: /img/main_image_2.jpg
Referer: http://basercms-practice.localhost:8888/
IP: ::1 by localhost
ua: Mozilla/5.0 (Macintosh; Intel Mac OS X 10_15_7) AppleWebKit/537.36 (KHTML, like Gecko) Chrome/107.0.0.0 Safari/537.36

[Error404] 2022-11-24 16:34:21 ---------------------------------------------------------
Uri: /img/main_image_5.jpg
Referer: http://basercms-practice.localhost:8888/
IP: ::1 by localhost
ua: Mozilla/5.0 (Macintosh; Intel Mac OS X 10_15_7) AppleWebKit/537.36 (KHTML, like Gecko) Chrome/107.0.0.0 Safari/537.36

[Error404] 2022-11-24 16:34:21 ---------------------------------------------------------
Uri: /img/main_image_1.jpg
Referer: http://basercms-practice.localhost:8888/
IP: ::1 by localhost
ua: Mozilla/5.0 (Macintosh; Intel Mac OS X 10_15_7) AppleWebKit/537.36 (KHTML, like Gecko) Chrome/107.0.0.0 Safari/537.36

[Error404] 2022-11-24 16:34:21 ---------------------------------------------------------
Uri: /img/main_image_4.jpg
Referer: http://basercms-practice.localhost:8888/
IP: ::1 by localhost
ua: Mozilla/5.0 (Macintosh; Intel Mac OS X 10_15_7) AppleWebKit/537.36 (KHTML, like Gecko) Chrome/107.0.0.0 Safari/537.36

[Error404] 2022-11-24 16:34:21 ---------------------------------------------------------
Uri: /img/main_image_3.jpg
Referer: http://basercms-practice.localhost:8888/
IP: ::1 by localhost
ua: Mozilla/5.0 (Macintosh; Intel Mac OS X 10_15_7) AppleWebKit/537.36 (KHTML, like Gecko) Chrome/107.0.0.0 Safari/537.36

[Error404] 2022-11-24 16:34:22 ---------------------------------------------------------
Uri: /css/editor.css
Referer: http://basercms-practice.localhost:8888/
IP: ::1 by localhost
ua: Mozilla/5.0 (Macintosh; Intel Mac OS X 10_15_7) AppleWebKit/537.36 (KHTML, like Gecko) Chrome/107.0.0.0 Safari/537.36

[Error404] 2022-11-24 16:34:22 ---------------------------------------------------------
Uri: /js/jquery.bxslider-4.12.min.js
Referer: http://basercms-practice.localhost:8888/
IP: ::1 by localhost
ua: Mozilla/5.0 (Macintosh; Intel Mac OS X 10_15_7) AppleWebKit/537.36 (KHTML, like Gecko) Chrome/107.0.0.0 Safari/537.36

[Error404] 2022-11-24 16:34:22 ---------------------------------------------------------
Uri: /js/jquery-1.11.3.min.js
Referer: http://basercms-practice.localhost:8888/
IP: ::1 by localhost
ua: Mozilla/5.0 (Macintosh; Intel Mac OS X 10_15_7) AppleWebKit/537.36 (KHTML, like Gecko) Chrome/107.0.0.0 Safari/537.36

[Error404] 2022-11-24 16:34:22 ---------------------------------------------------------
Uri: /js/jquery-accessibleMegaMenu.js
Referer: http://basercms-practice.localhost:8888/
IP: ::1 by localhost
ua: Mozilla/5.0 (Macintosh; Intel Mac OS X 10_15_7) AppleWebKit/537.36 (KHTML, like Gecko) Chrome/107.0.0.0 Safari/537.36

[Error404] 2022-11-24 16:34:22 ---------------------------------------------------------
Uri: /img/logo.png
Referer: http://basercms-practice.localhost:8888/
IP: ::1 by localhost
ua: Mozilla/5.0 (Macintosh; Intel Mac OS X 10_15_7) AppleWebKit/537.36 (KHTML, like Gecko) Chrome/107.0.0.0 Safari/537.36

[Error404] 2022-11-24 16:34:22 ---------------------------------------------------------
Uri: /img/main_image_2.jpg
Referer: http://basercms-practice.localhost:8888/
IP: ::1 by localhost
ua: Mozilla/5.0 (Macintosh; Intel Mac OS X 10_15_7) AppleWebKit/537.36 (KHTML, like Gecko) Chrome/107.0.0.0 Safari/537.36

[Error404] 2022-11-24 16:34:22 ---------------------------------------------------------
Uri: /img/main_image_4.jpg
Referer: http://basercms-practice.localhost:8888/
IP: ::1 by localhost
ua: Mozilla/5.0 (Macintosh; Intel Mac OS X 10_15_7) AppleWebKit/537.36 (KHTML, like Gecko) Chrome/107.0.0.0 Safari/537.36

[Error404] 2022-11-24 16:34:22 ---------------------------------------------------------
Uri: /img/main_image_3.jpg
Referer: http://basercms-practice.localhost:8888/
IP: ::1 by localhost
ua: Mozilla/5.0 (Macintosh; Intel Mac OS X 10_15_7) AppleWebKit/537.36 (KHTML, like Gecko) Chrome/107.0.0.0 Safari/537.36

[Error404] 2022-11-24 16:34:22 ---------------------------------------------------------
Uri: /img/main_image_5.jpg
Referer: http://basercms-practice.localhost:8888/
IP: ::1 by localhost
ua: Mozilla/5.0 (Macintosh; Intel Mac OS X 10_15_7) AppleWebKit/537.36 (KHTML, like Gecko) Chrome/107.0.0.0 Safari/537.36

[Error404] 2022-11-24 16:34:22 ---------------------------------------------------------
Uri: /img/main_image_1.jpg
Referer: http://basercms-practice.localhost:8888/
IP: ::1 by localhost
ua: Mozilla/5.0 (Macintosh; Intel Mac OS X 10_15_7) AppleWebKit/537.36 (KHTML, like Gecko) Chrome/107.0.0.0 Safari/537.36

[Error404] 2022-11-24 16:34:22 ---------------------------------------------------------
Uri: /js/jquery.bxslider-4.12.min.js
Referer: http://basercms-practice.localhost:8888/
IP: ::1 by localhost
ua: Mozilla/5.0 (Macintosh; Intel Mac OS X 10_15_7) AppleWebKit/537.36 (KHTML, like Gecko) Chrome/107.0.0.0 Safari/537.36

[Error404] 2022-11-24 16:34:22 ---------------------------------------------------------
Uri: /css/editor.css
Referer: http://basercms-practice.localhost:8888/
IP: ::1 by localhost
ua: Mozilla/5.0 (Macintosh; Intel Mac OS X 10_15_7) AppleWebKit/537.36 (KHTML, like Gecko) Chrome/107.0.0.0 Safari/537.36

[Error404] 2022-11-24 16:34:22 ---------------------------------------------------------
Uri: /js/jquery-1.11.3.min.js
Referer: http://basercms-practice.localhost:8888/
IP: ::1 by localhost
ua: Mozilla/5.0 (Macintosh; Intel Mac OS X 10_15_7) AppleWebKit/537.36 (KHTML, like Gecko) Chrome/107.0.0.0 Safari/537.36

[Error404] 2022-11-24 16:34:22 ---------------------------------------------------------
Uri: /js/jquery-accessibleMegaMenu.js
Referer: http://basercms-practice.localhost:8888/
IP: ::1 by localhost
ua: Mozilla/5.0 (Macintosh; Intel Mac OS X 10_15_7) AppleWebKit/537.36 (KHTML, like Gecko) Chrome/107.0.0.0 Safari/537.36

[Error404] 2022-11-24 16:34:22 ---------------------------------------------------------
Uri: /img/logo.png
Referer: http://basercms-practice.localhost:8888/
IP: ::1 by localhost
ua: Mozilla/5.0 (Macintosh; Intel Mac OS X 10_15_7) AppleWebKit/537.36 (KHTML, like Gecko) Chrome/107.0.0.0 Safari/537.36

[Error404] 2022-11-24 16:34:22 ---------------------------------------------------------
Uri: /img/main_image_3.jpg
Referer: http://basercms-practice.localhost:8888/
IP: ::1 by localhost
ua: Mozilla/5.0 (Macintosh; Intel Mac OS X 10_15_7) AppleWebKit/537.36 (KHTML, like Gecko) Chrome/107.0.0.0 Safari/537.36

[Error404] 2022-11-24 16:34:22 ---------------------------------------------------------
Uri: /img/main_image_5.jpg
Referer: http://basercms-practice.localhost:8888/
IP: ::1 by localhost
ua: Mozilla/5.0 (Macintosh; Intel Mac OS X 10_15_7) AppleWebKit/537.36 (KHTML, like Gecko) Chrome/107.0.0.0 Safari/537.36

[Error404] 2022-11-24 16:34:22 ---------------------------------------------------------
Uri: /img/main_image_2.jpg
Referer: http://basercms-practice.localhost:8888/
IP: ::1 by localhost
ua: Mozilla/5.0 (Macintosh; Intel Mac OS X 10_15_7) AppleWebKit/537.36 (KHTML, like Gecko) Chrome/107.0.0.0 Safari/537.36

[Error404] 2022-11-24 16:34:22 ---------------------------------------------------------
Uri: /img/main_image_1.jpg
Referer: http://basercms-practice.localhost:8888/
IP: ::1 by localhost
ua: Mozilla/5.0 (Macintosh; Intel Mac OS X 10_15_7) AppleWebKit/537.36 (KHTML, like Gecko) Chrome/107.0.0.0 Safari/537.36

[Error404] 2022-11-24 16:34:22 ---------------------------------------------------------
Uri: /img/main_image_4.jpg
Referer: http://basercms-practice.localhost:8888/
IP: ::1 by localhost
ua: Mozilla/5.0 (Macintosh; Intel Mac OS X 10_15_7) AppleWebKit/537.36 (KHTML, like Gecko) Chrome/107.0.0.0 Safari/537.36

[Error404] 2022-11-24 16:34:22 ---------------------------------------------------------
Uri: /css/editor.css
Referer: http://basercms-practice.localhost:8888/
IP: ::1 by localhost
ua: Mozilla/5.0 (Macintosh; Intel Mac OS X 10_15_7) AppleWebKit/537.36 (KHTML, like Gecko) Chrome/107.0.0.0 Safari/537.36

[Error404] 2022-11-24 16:34:22 ---------------------------------------------------------
Uri: /js/jquery-1.11.3.min.js
Referer: http://basercms-practice.localhost:8888/
IP: ::1 by localhost
ua: Mozilla/5.0 (Macintosh; Intel Mac OS X 10_15_7) AppleWebKit/537.36 (KHTML, like Gecko) Chrome/107.0.0.0 Safari/537.36

[Error404] 2022-11-24 16:34:22 ---------------------------------------------------------
Uri: /js/jquery.bxslider-4.12.min.js
Referer: http://basercms-practice.localhost:8888/
IP: ::1 by localhost
ua: Mozilla/5.0 (Macintosh; Intel Mac OS X 10_15_7) AppleWebKit/537.36 (KHTML, like Gecko) Chrome/107.0.0.0 Safari/537.36

[Error404] 2022-11-24 16:34:22 ---------------------------------------------------------
Uri: /js/jquery-accessibleMegaMenu.js
Referer: http://basercms-practice.localhost:8888/
IP: ::1 by localhost
ua: Mozilla/5.0 (Macintosh; Intel Mac OS X 10_15_7) AppleWebKit/537.36 (KHTML, like Gecko) Chrome/107.0.0.0 Safari/537.36

[Error404] 2022-11-24 16:34:22 ---------------------------------------------------------
Uri: /img/logo.png
Referer: http://basercms-practice.localhost:8888/
IP: ::1 by localhost
ua: Mozilla/5.0 (Macintosh; Intel Mac OS X 10_15_7) AppleWebKit/537.36 (KHTML, like Gecko) Chrome/107.0.0.0 Safari/537.36

[Error404] 2022-11-24 16:34:22 ---------------------------------------------------------
Uri: /img/main_image_3.jpg
Referer: http://basercms-practice.localhost:8888/
IP: ::1 by localhost
ua: Mozilla/5.0 (Macintosh; Intel Mac OS X 10_15_7) AppleWebKit/537.36 (KHTML, like Gecko) Chrome/107.0.0.0 Safari/537.36

[Error404] 2022-11-24 16:34:22 ---------------------------------------------------------
Uri: /img/main_image_4.jpg
Referer: http://basercms-practice.localhost:8888/
IP: ::1 by localhost
ua: Mozilla/5.0 (Macintosh; Intel Mac OS X 10_15_7) AppleWebKit/537.36 (KHTML, like Gecko) Chrome/107.0.0.0 Safari/537.36

[Error404] 2022-11-24 16:34:22 ---------------------------------------------------------
Uri: /img/main_image_5.jpg
Referer: http://basercms-practice.localhost:8888/
IP: ::1 by localhost
ua: Mozilla/5.0 (Macintosh; Intel Mac OS X 10_15_7) AppleWebKit/537.36 (KHTML, like Gecko) Chrome/107.0.0.0 Safari/537.36

[Error404] 2022-11-24 16:34:22 ---------------------------------------------------------
Uri: /img/main_image_2.jpg
Referer: http://basercms-practice.localhost:8888/
IP: ::1 by localhost
ua: Mozilla/5.0 (Macintosh; Intel Mac OS X 10_15_7) AppleWebKit/537.36 (KHTML, like Gecko) Chrome/107.0.0.0 Safari/537.36

[Error404] 2022-11-24 16:34:22 ---------------------------------------------------------
Uri: /img/main_image_1.jpg
Referer: http://basercms-practice.localhost:8888/
IP: ::1 by localhost
ua: Mozilla/5.0 (Macintosh; Intel Mac OS X 10_15_7) AppleWebKit/537.36 (KHTML, like Gecko) Chrome/107.0.0.0 Safari/537.36

[Error404] 2022-11-24 16:34:30 ---------------------------------------------------------
Uri: /css/editor.css
Referer: http://basercms-practice.localhost:8888/
IP: ::1 by localhost
ua: Mozilla/5.0 (Macintosh; Intel Mac OS X 10_15_7) AppleWebKit/537.36 (KHTML, like Gecko) Chrome/107.0.0.0 Safari/537.36

[Error404] 2022-11-24 16:34:30 ---------------------------------------------------------
Uri: /js/jquery.bxslider-4.12.min.js
Referer: http://basercms-practice.localhost:8888/
IP: ::1 by localhost
ua: Mozilla/5.0 (Macintosh; Intel Mac OS X 10_15_7) AppleWebKit/537.36 (KHTML, like Gecko) Chrome/107.0.0.0 Safari/537.36

[Error404] 2022-11-24 16:34:30 ---------------------------------------------------------
Uri: /js/jquery-1.11.3.min.js
Referer: http://basercms-practice.localhost:8888/
IP: ::1 by localhost
ua: Mozilla/5.0 (Macintosh; Intel Mac OS X 10_15_7) AppleWebKit/537.36 (KHTML, like Gecko) Chrome/107.0.0.0 Safari/537.36

[Error404] 2022-11-24 16:34:30 ---------------------------------------------------------
Uri: /js/jquery-accessibleMegaMenu.js
Referer: http://basercms-practice.localhost:8888/
IP: ::1 by localhost
ua: Mozilla/5.0 (Macintosh; Intel Mac OS X 10_15_7) AppleWebKit/537.36 (KHTML, like Gecko) Chrome/107.0.0.0 Safari/537.36

[Error404] 2022-11-24 16:34:30 ---------------------------------------------------------
Uri: /img/logo.png
Referer: http://basercms-practice.localhost:8888/
IP: ::1 by localhost
ua: Mozilla/5.0 (Macintosh; Intel Mac OS X 10_15_7) AppleWebKit/537.36 (KHTML, like Gecko) Chrome/107.0.0.0 Safari/537.36

[Error404] 2022-11-24 16:34:30 ---------------------------------------------------------
Uri: /img/main_image_2.jpg
Referer: http://basercms-practice.localhost:8888/
IP: ::1 by localhost
ua: Mozilla/5.0 (Macintosh; Intel Mac OS X 10_15_7) AppleWebKit/537.36 (KHTML, like Gecko) Chrome/107.0.0.0 Safari/537.36

[Error404] 2022-11-24 16:34:30 ---------------------------------------------------------
Uri: /img/main_image_3.jpg
Referer: http://basercms-practice.localhost:8888/
IP: ::1 by localhost
ua: Mozilla/5.0 (Macintosh; Intel Mac OS X 10_15_7) AppleWebKit/537.36 (KHTML, like Gecko) Chrome/107.0.0.0 Safari/537.36

[Error404] 2022-11-24 16:34:30 ---------------------------------------------------------
Uri: /img/main_image_5.jpg
Referer: http://basercms-practice.localhost:8888/
IP: ::1 by localhost
ua: Mozilla/5.0 (Macintosh; Intel Mac OS X 10_15_7) AppleWebKit/537.36 (KHTML, like Gecko) Chrome/107.0.0.0 Safari/537.36

[Error404] 2022-11-24 16:34:30 ---------------------------------------------------------
Uri: /img/main_image_4.jpg
Referer: http://basercms-practice.localhost:8888/
IP: ::1 by localhost
ua: Mozilla/5.0 (Macintosh; Intel Mac OS X 10_15_7) AppleWebKit/537.36 (KHTML, like Gecko) Chrome/107.0.0.0 Safari/537.36

[Error404] 2022-11-24 16:34:30 ---------------------------------------------------------
Uri: /img/main_image_1.jpg
Referer: http://basercms-practice.localhost:8888/
IP: ::1 by localhost
ua: Mozilla/5.0 (Macintosh; Intel Mac OS X 10_15_7) AppleWebKit/537.36 (KHTML, like Gecko) Chrome/107.0.0.0 Safari/537.36

[Error404] 2022-11-24 16:36:50 ---------------------------------------------------------
Uri: /js/jquery-1.11.3.min.js
Referer: http://basercms-practice.localhost:8888/
IP: ::1 by localhost
ua: Mozilla/5.0 (Macintosh; Intel Mac OS X 10_15_7) AppleWebKit/537.36 (KHTML, like Gecko) Chrome/107.0.0.0 Safari/537.36

[Error404] 2022-11-24 16:36:50 ---------------------------------------------------------
Uri: /js/jquery.bxslider-4.12.min.js
Referer: http://basercms-practice.localhost:8888/
IP: ::1 by localhost
ua: Mozilla/5.0 (Macintosh; Intel Mac OS X 10_15_7) AppleWebKit/537.36 (KHTML, like Gecko) Chrome/107.0.0.0 Safari/537.36

[Error404] 2022-11-24 16:36:50 ---------------------------------------------------------
Uri: /js/jquery-accessibleMegaMenu.js
Referer: http://basercms-practice.localhost:8888/
IP: ::1 by localhost
ua: Mozilla/5.0 (Macintosh; Intel Mac OS X 10_15_7) AppleWebKit/537.36 (KHTML, like Gecko) Chrome/107.0.0.0 Safari/537.36

[Error404] 2022-11-24 16:36:50 ---------------------------------------------------------
Uri: /img/logo.png
Referer: http://basercms-practice.localhost:8888/
IP: ::1 by localhost
ua: Mozilla/5.0 (Macintosh; Intel Mac OS X 10_15_7) AppleWebKit/537.36 (KHTML, like Gecko) Chrome/107.0.0.0 Safari/537.36

[Error404] 2022-11-24 16:36:50 ---------------------------------------------------------
Uri: /img/main_image_1.jpg
Referer: http://basercms-practice.localhost:8888/
IP: ::1 by localhost
ua: Mozilla/5.0 (Macintosh; Intel Mac OS X 10_15_7) AppleWebKit/537.36 (KHTML, like Gecko) Chrome/107.0.0.0 Safari/537.36

[Error404] 2022-11-24 16:36:50 ---------------------------------------------------------
Uri: /img/main_image_5.jpg
Referer: http://basercms-practice.localhost:8888/
IP: ::1 by localhost
ua: Mozilla/5.0 (Macintosh; Intel Mac OS X 10_15_7) AppleWebKit/537.36 (KHTML, like Gecko) Chrome/107.0.0.0 Safari/537.36

[Error404] 2022-11-24 16:36:50 ---------------------------------------------------------
Uri: /img/main_image_2.jpg
Referer: http://basercms-practice.localhost:8888/
IP: ::1 by localhost
ua: Mozilla/5.0 (Macintosh; Intel Mac OS X 10_15_7) AppleWebKit/537.36 (KHTML, like Gecko) Chrome/107.0.0.0 Safari/537.36

[Error404] 2022-11-24 16:36:50 ---------------------------------------------------------
Uri: /img/main_image_4.jpg
Referer: http://basercms-practice.localhost:8888/
IP: ::1 by localhost
ua: Mozilla/5.0 (Macintosh; Intel Mac OS X 10_15_7) AppleWebKit/537.36 (KHTML, like Gecko) Chrome/107.0.0.0 Safari/537.36

[Error404] 2022-11-24 16:36:50 ---------------------------------------------------------
Uri: /img/main_image_3.jpg
Referer: http://basercms-practice.localhost:8888/
IP: ::1 by localhost
ua: Mozilla/5.0 (Macintosh; Intel Mac OS X 10_15_7) AppleWebKit/537.36 (KHTML, like Gecko) Chrome/107.0.0.0 Safari/537.36

[Error404] 2022-11-24 16:48:07 ---------------------------------------------------------
Uri: /img/logo.png
Referer: http://basercms-practice.localhost:8888/
IP: ::1 by localhost
ua: Mozilla/5.0 (Macintosh; Intel Mac OS X 10_15_7) AppleWebKit/537.36 (KHTML, like Gecko) Chrome/107.0.0.0 Safari/537.36

[Error404] 2022-11-24 16:48:07 ---------------------------------------------------------
Uri: /img/main_image_1.jpg
Referer: http://basercms-practice.localhost:8888/
IP: ::1 by localhost
ua: Mozilla/5.0 (Macintosh; Intel Mac OS X 10_15_7) AppleWebKit/537.36 (KHTML, like Gecko) Chrome/107.0.0.0 Safari/537.36

[Error404] 2022-11-24 16:48:07 ---------------------------------------------------------
Uri: /img/main_image_2.jpg
Referer: http://basercms-practice.localhost:8888/
IP: ::1 by localhost
ua: Mozilla/5.0 (Macintosh; Intel Mac OS X 10_15_7) AppleWebKit/537.36 (KHTML, like Gecko) Chrome/107.0.0.0 Safari/537.36

[Error404] 2022-11-24 16:48:07 ---------------------------------------------------------
Uri: /img/main_image_3.jpg
Referer: http://basercms-practice.localhost:8888/
IP: ::1 by localhost
ua: Mozilla/5.0 (Macintosh; Intel Mac OS X 10_15_7) AppleWebKit/537.36 (KHTML, like Gecko) Chrome/107.0.0.0 Safari/537.36

[Error404] 2022-11-24 16:48:07 ---------------------------------------------------------
Uri: /img/main_image_4.jpg
Referer: http://basercms-practice.localhost:8888/
IP: ::1 by localhost
ua: Mozilla/5.0 (Macintosh; Intel Mac OS X 10_15_7) AppleWebKit/537.36 (KHTML, like Gecko) Chrome/107.0.0.0 Safari/537.36

[Error404] 2022-11-24 16:48:07 ---------------------------------------------------------
Uri: /img/main_image_5.jpg
Referer: http://basercms-practice.localhost:8888/
IP: ::1 by localhost
ua: Mozilla/5.0 (Macintosh; Intel Mac OS X 10_15_7) AppleWebKit/537.36 (KHTML, like Gecko) Chrome/107.0.0.0 Safari/537.36

[Error404] 2022-11-24 16:49:37 ---------------------------------------------------------
Uri: /img/main_image_1.jpg
Referer: http://basercms-practice.localhost:8888/
IP: ::1 by localhost
ua: Mozilla/5.0 (Macintosh; Intel Mac OS X 10_15_7) AppleWebKit/537.36 (KHTML, like Gecko) Chrome/107.0.0.0 Safari/537.36

[Error404] 2022-11-24 16:49:37 ---------------------------------------------------------
Uri: /img/logo.png
Referer: http://basercms-practice.localhost:8888/
IP: ::1 by localhost
ua: Mozilla/5.0 (Macintosh; Intel Mac OS X 10_15_7) AppleWebKit/537.36 (KHTML, like Gecko) Chrome/107.0.0.0 Safari/537.36

[Error404] 2022-11-24 16:49:37 ---------------------------------------------------------
Uri: /img/main_image_5.jpg
Referer: http://basercms-practice.localhost:8888/
IP: ::1 by localhost
ua: Mozilla/5.0 (Macintosh; Intel Mac OS X 10_15_7) AppleWebKit/537.36 (KHTML, like Gecko) Chrome/107.0.0.0 Safari/537.36

[Error404] 2022-11-24 16:49:37 ---------------------------------------------------------
Uri: /img/main_image_4.jpg
Referer: http://basercms-practice.localhost:8888/
IP: ::1 by localhost
ua: Mozilla/5.0 (Macintosh; Intel Mac OS X 10_15_7) AppleWebKit/537.36 (KHTML, like Gecko) Chrome/107.0.0.0 Safari/537.36

[Error404] 2022-11-24 16:49:37 ---------------------------------------------------------
Uri: /img/main_image_2.jpg
Referer: http://basercms-practice.localhost:8888/
IP: ::1 by localhost
ua: Mozilla/5.0 (Macintosh; Intel Mac OS X 10_15_7) AppleWebKit/537.36 (KHTML, like Gecko) Chrome/107.0.0.0 Safari/537.36

[Error404] 2022-11-24 16:49:37 ---------------------------------------------------------
Uri: /img/main_image_3.jpg
Referer: http://basercms-practice.localhost:8888/
IP: ::1 by localhost
ua: Mozilla/5.0 (Macintosh; Intel Mac OS X 10_15_7) AppleWebKit/537.36 (KHTML, like Gecko) Chrome/107.0.0.0 Safari/537.36

[Error404] 2022-11-24 16:52:31 ---------------------------------------------------------
Uri: /img/main_image_2.jpg
Referer: http://basercms-practice.localhost:8888/
IP: ::1 by localhost
ua: Mozilla/5.0 (Macintosh; Intel Mac OS X 10_15_7) AppleWebKit/537.36 (KHTML, like Gecko) Chrome/107.0.0.0 Safari/537.36

[Error404] 2022-11-24 16:52:31 ---------------------------------------------------------
Uri: /img/main_image_1.jpg
Referer: http://basercms-practice.localhost:8888/
IP: ::1 by localhost
ua: Mozilla/5.0 (Macintosh; Intel Mac OS X 10_15_7) AppleWebKit/537.36 (KHTML, like Gecko) Chrome/107.0.0.0 Safari/537.36

[Error404] 2022-11-24 16:52:31 ---------------------------------------------------------
Uri: /img/main_image_4.jpg
Referer: http://basercms-practice.localhost:8888/
IP: ::1 by localhost
ua: Mozilla/5.0 (Macintosh; Intel Mac OS X 10_15_7) AppleWebKit/537.36 (KHTML, like Gecko) Chrome/107.0.0.0 Safari/537.36

[Error404] 2022-11-24 16:52:31 ---------------------------------------------------------
Uri: /img/main_image_5.jpg
Referer: http://basercms-practice.localhost:8888/
IP: ::1 by localhost
ua: Mozilla/5.0 (Macintosh; Intel Mac OS X 10_15_7) AppleWebKit/537.36 (KHTML, like Gecko) Chrome/107.0.0.0 Safari/537.36

[Error404] 2022-11-24 16:52:31 ---------------------------------------------------------
Uri: /img/main_image_3.jpg
Referer: http://basercms-practice.localhost:8888/
IP: ::1 by localhost
ua: Mozilla/5.0 (Macintosh; Intel Mac OS X 10_15_7) AppleWebKit/537.36 (KHTML, like Gecko) Chrome/107.0.0.0 Safari/537.36

[Error404] 2022-11-24 16:53:20 ---------------------------------------------------------
Uri: /img/main_image_1.jpg
Referer: http://basercms-practice.localhost:8888/
IP: ::1 by localhost
ua: Mozilla/5.0 (Macintosh; Intel Mac OS X 10_15_7) AppleWebKit/537.36 (KHTML, like Gecko) Chrome/107.0.0.0 Safari/537.36

[Error404] 2022-11-24 16:53:20 ---------------------------------------------------------
Uri: /img/main_image_2.jpg
Referer: http://basercms-practice.localhost:8888/
IP: ::1 by localhost
ua: Mozilla/5.0 (Macintosh; Intel Mac OS X 10_15_7) AppleWebKit/537.36 (KHTML, like Gecko) Chrome/107.0.0.0 Safari/537.36

[Error404] 2022-11-24 16:53:20 ---------------------------------------------------------
Uri: /img/main_image_4.jpg
Referer: http://basercms-practice.localhost:8888/
IP: ::1 by localhost
ua: Mozilla/5.0 (Macintosh; Intel Mac OS X 10_15_7) AppleWebKit/537.36 (KHTML, like Gecko) Chrome/107.0.0.0 Safari/537.36

[Error404] 2022-11-24 16:53:20 ---------------------------------------------------------
Uri: /img/main_image_3.jpg
Referer: http://basercms-practice.localhost:8888/
IP: ::1 by localhost
ua: Mozilla/5.0 (Macintosh; Intel Mac OS X 10_15_7) AppleWebKit/537.36 (KHTML, like Gecko) Chrome/107.0.0.0 Safari/537.36

[Error404] 2022-11-24 16:53:21 ---------------------------------------------------------
Uri: /img/main_image_5.jpg
Referer: http://basercms-practice.localhost:8888/
IP: ::1 by localhost
ua: Mozilla/5.0 (Macintosh; Intel Mac OS X 10_15_7) AppleWebKit/537.36 (KHTML, like Gecko) Chrome/107.0.0.0 Safari/537.36

[Error404] 2022-11-24 16:53:31 ---------------------------------------------------------
Uri: /img/main_image_1.jpg
Referer: http://basercms-practice.localhost:8888/
IP: ::1 by localhost
ua: Mozilla/5.0 (Macintosh; Intel Mac OS X 10_15_7) AppleWebKit/537.36 (KHTML, like Gecko) Chrome/107.0.0.0 Safari/537.36

[Error404] 2022-11-24 16:53:31 ---------------------------------------------------------
Uri: /img/main_image_2.jpg
Referer: http://basercms-practice.localhost:8888/
IP: ::1 by localhost
ua: Mozilla/5.0 (Macintosh; Intel Mac OS X 10_15_7) AppleWebKit/537.36 (KHTML, like Gecko) Chrome/107.0.0.0 Safari/537.36

[Error404] 2022-11-24 16:53:31 ---------------------------------------------------------
Uri: /img/main_image_5.jpg
Referer: http://basercms-practice.localhost:8888/
IP: ::1 by localhost
ua: Mozilla/5.0 (Macintosh; Intel Mac OS X 10_15_7) AppleWebKit/537.36 (KHTML, like Gecko) Chrome/107.0.0.0 Safari/537.36

[Error404] 2022-11-24 16:53:31 ---------------------------------------------------------
Uri: /img/main_image_4.jpg
Referer: http://basercms-practice.localhost:8888/
IP: ::1 by localhost
ua: Mozilla/5.0 (Macintosh; Intel Mac OS X 10_15_7) AppleWebKit/537.36 (KHTML, like Gecko) Chrome/107.0.0.0 Safari/537.36

[Error404] 2022-11-24 16:53:31 ---------------------------------------------------------
Uri: /img/main_image_3.jpg
Referer: http://basercms-practice.localhost:8888/
IP: ::1 by localhost
ua: Mozilla/5.0 (Macintosh; Intel Mac OS X 10_15_7) AppleWebKit/537.36 (KHTML, like Gecko) Chrome/107.0.0.0 Safari/537.36

[Error404] 2022-11-24 16:54:27 ---------------------------------------------------------
Uri: /img/main_image_3.jpg
Referer: http://basercms-practice.localhost:8888/
IP: ::1 by localhost
ua: Mozilla/5.0 (Macintosh; Intel Mac OS X 10_15_7) AppleWebKit/537.36 (KHTML, like Gecko) Chrome/107.0.0.0 Safari/537.36

[Error404] 2022-11-24 16:54:27 ---------------------------------------------------------
Uri: /img/main_image_1.jpg
Referer: http://basercms-practice.localhost:8888/
IP: ::1 by localhost
ua: Mozilla/5.0 (Macintosh; Intel Mac OS X 10_15_7) AppleWebKit/537.36 (KHTML, like Gecko) Chrome/107.0.0.0 Safari/537.36

[Error404] 2022-11-24 16:54:27 ---------------------------------------------------------
Uri: /img/main_image_4.jpg
Referer: http://basercms-practice.localhost:8888/
IP: ::1 by localhost
ua: Mozilla/5.0 (Macintosh; Intel Mac OS X 10_15_7) AppleWebKit/537.36 (KHTML, like Gecko) Chrome/107.0.0.0 Safari/537.36

[Error404] 2022-11-24 16:54:27 ---------------------------------------------------------
Uri: /img/main_image_2.jpg
Referer: http://basercms-practice.localhost:8888/
IP: ::1 by localhost
ua: Mozilla/5.0 (Macintosh; Intel Mac OS X 10_15_7) AppleWebKit/537.36 (KHTML, like Gecko) Chrome/107.0.0.0 Safari/537.36

[Error404] 2022-11-24 16:54:27 ---------------------------------------------------------
Uri: /img/main_image_5.jpg
Referer: http://basercms-practice.localhost:8888/
IP: ::1 by localhost
ua: Mozilla/5.0 (Macintosh; Intel Mac OS X 10_15_7) AppleWebKit/537.36 (KHTML, like Gecko) Chrome/107.0.0.0 Safari/537.36

[Error404] 2022-11-24 16:57:11 ---------------------------------------------------------
Uri: /img/main_image_1.jpg
Referer: http://basercms-practice.localhost:8888/
IP: ::1 by localhost
ua: Mozilla/5.0 (Macintosh; Intel Mac OS X 10_15_7) AppleWebKit/537.36 (KHTML, like Gecko) Chrome/107.0.0.0 Safari/537.36

[Error404] 2022-11-24 16:57:11 ---------------------------------------------------------
Uri: /img/main_image_3.jpg
Referer: http://basercms-practice.localhost:8888/
IP: ::1 by localhost
ua: Mozilla/5.0 (Macintosh; Intel Mac OS X 10_15_7) AppleWebKit/537.36 (KHTML, like Gecko) Chrome/107.0.0.0 Safari/537.36

[Error404] 2022-11-24 16:57:11 ---------------------------------------------------------
Uri: /img/main_image_2.jpg
Referer: http://basercms-practice.localhost:8888/
IP: ::1 by localhost
ua: Mozilla/5.0 (Macintosh; Intel Mac OS X 10_15_7) AppleWebKit/537.36 (KHTML, like Gecko) Chrome/107.0.0.0 Safari/537.36

[Error404] 2022-11-24 16:57:11 ---------------------------------------------------------
Uri: /img/main_image_5.jpg
Referer: http://basercms-practice.localhost:8888/
IP: ::1 by localhost
ua: Mozilla/5.0 (Macintosh; Intel Mac OS X 10_15_7) AppleWebKit/537.36 (KHTML, like Gecko) Chrome/107.0.0.0 Safari/537.36

[Error404] 2022-11-24 16:57:11 ---------------------------------------------------------
Uri: /img/main_image_4.jpg
Referer: http://basercms-practice.localhost:8888/
IP: ::1 by localhost
ua: Mozilla/5.0 (Macintosh; Intel Mac OS X 10_15_7) AppleWebKit/537.36 (KHTML, like Gecko) Chrome/107.0.0.0 Safari/537.36

[Error404] 2022-11-24 16:57:57 ---------------------------------------------------------
Uri: /img/main_image_1.jpg
Referer: http://basercms-practice.localhost:8888/
IP: ::1 by localhost
ua: Mozilla/5.0 (Macintosh; Intel Mac OS X 10_15_7) AppleWebKit/537.36 (KHTML, like Gecko) Chrome/107.0.0.0 Safari/537.36

[Error404] 2022-11-24 16:57:57 ---------------------------------------------------------
Uri: /img/main_image_2.jpg
Referer: http://basercms-practice.localhost:8888/
IP: ::1 by localhost
ua: Mozilla/5.0 (Macintosh; Intel Mac OS X 10_15_7) AppleWebKit/537.36 (KHTML, like Gecko) Chrome/107.0.0.0 Safari/537.36

[Error404] 2022-11-24 16:57:57 ---------------------------------------------------------
Uri: /img/main_image_3.jpg
Referer: http://basercms-practice.localhost:8888/
IP: ::1 by localhost
ua: Mozilla/5.0 (Macintosh; Intel Mac OS X 10_15_7) AppleWebKit/537.36 (KHTML, like Gecko) Chrome/107.0.0.0 Safari/537.36

[Error404] 2022-11-24 16:57:57 ---------------------------------------------------------
Uri: /img/main_image_4.jpg
Referer: http://basercms-practice.localhost:8888/
IP: ::1 by localhost
ua: Mozilla/5.0 (Macintosh; Intel Mac OS X 10_15_7) AppleWebKit/537.36 (KHTML, like Gecko) Chrome/107.0.0.0 Safari/537.36

[Error404] 2022-11-24 16:57:57 ---------------------------------------------------------
Uri: /img/main_image_5.jpg
Referer: http://basercms-practice.localhost:8888/
IP: ::1 by localhost
ua: Mozilla/5.0 (Macintosh; Intel Mac OS X 10_15_7) AppleWebKit/537.36 (KHTML, like Gecko) Chrome/107.0.0.0 Safari/537.36

[Error404] 2022-11-24 16:58:08 ---------------------------------------------------------
Uri: /img/main_image_1.jpg
Referer: http://basercms-practice.localhost:8888/
IP: ::1 by localhost
ua: Mozilla/5.0 (Macintosh; Intel Mac OS X 10_15_7) AppleWebKit/537.36 (KHTML, like Gecko) Chrome/107.0.0.0 Safari/537.36

[Error404] 2022-11-24 16:58:08 ---------------------------------------------------------
Uri: /img/main_image_5.jpg
Referer: http://basercms-practice.localhost:8888/
IP: ::1 by localhost
ua: Mozilla/5.0 (Macintosh; Intel Mac OS X 10_15_7) AppleWebKit/537.36 (KHTML, like Gecko) Chrome/107.0.0.0 Safari/537.36

[Error404] 2022-11-24 16:58:08 ---------------------------------------------------------
Uri: /img/main_image_3.jpg
Referer: http://basercms-practice.localhost:8888/
IP: ::1 by localhost
ua: Mozilla/5.0 (Macintosh; Intel Mac OS X 10_15_7) AppleWebKit/537.36 (KHTML, like Gecko) Chrome/107.0.0.0 Safari/537.36

[Error404] 2022-11-24 16:58:08 ---------------------------------------------------------
Uri: /img/main_image_2.jpg
Referer: http://basercms-practice.localhost:8888/
IP: ::1 by localhost
ua: Mozilla/5.0 (Macintosh; Intel Mac OS X 10_15_7) AppleWebKit/537.36 (KHTML, like Gecko) Chrome/107.0.0.0 Safari/537.36

[Error404] 2022-11-24 16:58:08 ---------------------------------------------------------
Uri: /img/main_image_4.jpg
Referer: http://basercms-practice.localhost:8888/
IP: ::1 by localhost
ua: Mozilla/5.0 (Macintosh; Intel Mac OS X 10_15_7) AppleWebKit/537.36 (KHTML, like Gecko) Chrome/107.0.0.0 Safari/537.36

[Error404] 2022-11-24 16:58:11 ---------------------------------------------------------
Uri: /img/main_image_1.jpg
Referer: http://basercms-practice.localhost:8888/
IP: ::1 by localhost
ua: Mozilla/5.0 (Macintosh; Intel Mac OS X 10_15_7) AppleWebKit/537.36 (KHTML, like Gecko) Chrome/107.0.0.0 Safari/537.36

[Error404] 2022-11-24 16:58:11 ---------------------------------------------------------
Uri: /img/main_image_2.jpg
Referer: http://basercms-practice.localhost:8888/
IP: ::1 by localhost
ua: Mozilla/5.0 (Macintosh; Intel Mac OS X 10_15_7) AppleWebKit/537.36 (KHTML, like Gecko) Chrome/107.0.0.0 Safari/537.36

[Error404] 2022-11-24 16:58:11 ---------------------------------------------------------
Uri: /img/main_image_4.jpg
Referer: http://basercms-practice.localhost:8888/
IP: ::1 by localhost
ua: Mozilla/5.0 (Macintosh; Intel Mac OS X 10_15_7) AppleWebKit/537.36 (KHTML, like Gecko) Chrome/107.0.0.0 Safari/537.36

[Error404] 2022-11-24 16:58:11 ---------------------------------------------------------
Uri: /img/main_image_3.jpg
Referer: http://basercms-practice.localhost:8888/
IP: ::1 by localhost
ua: Mozilla/5.0 (Macintosh; Intel Mac OS X 10_15_7) AppleWebKit/537.36 (KHTML, like Gecko) Chrome/107.0.0.0 Safari/537.36

[Error404] 2022-11-24 16:58:11 ---------------------------------------------------------
Uri: /img/main_image_5.jpg
Referer: http://basercms-practice.localhost:8888/
IP: ::1 by localhost
ua: Mozilla/5.0 (Macintosh; Intel Mac OS X 10_15_7) AppleWebKit/537.36 (KHTML, like Gecko) Chrome/107.0.0.0 Safari/537.36

[Error404] 2022-11-24 16:58:45 ---------------------------------------------------------
Uri: /img/main_image_1.jpg
Referer: http://basercms-practice.localhost:8888/
IP: ::1 by localhost
ua: Mozilla/5.0 (Macintosh; Intel Mac OS X 10_15_7) AppleWebKit/537.36 (KHTML, like Gecko) Chrome/107.0.0.0 Safari/537.36

[Error404] 2022-11-24 16:58:45 ---------------------------------------------------------
Uri: /img/main_image_3.jpg
Referer: http://basercms-practice.localhost:8888/
IP: ::1 by localhost
ua: Mozilla/5.0 (Macintosh; Intel Mac OS X 10_15_7) AppleWebKit/537.36 (KHTML, like Gecko) Chrome/107.0.0.0 Safari/537.36

[Error404] 2022-11-24 16:58:45 ---------------------------------------------------------
Uri: /img/main_image_2.jpg
Referer: http://basercms-practice.localhost:8888/
IP: ::1 by localhost
ua: Mozilla/5.0 (Macintosh; Intel Mac OS X 10_15_7) AppleWebKit/537.36 (KHTML, like Gecko) Chrome/107.0.0.0 Safari/537.36

[Error404] 2022-11-24 16:58:45 ---------------------------------------------------------
Uri: /img/main_image_4.jpg
Referer: http://basercms-practice.localhost:8888/
IP: ::1 by localhost
ua: Mozilla/5.0 (Macintosh; Intel Mac OS X 10_15_7) AppleWebKit/537.36 (KHTML, like Gecko) Chrome/107.0.0.0 Safari/537.36

[Error404] 2022-11-24 16:58:45 ---------------------------------------------------------
Uri: /img/main_image_5.jpg
Referer: http://basercms-practice.localhost:8888/
IP: ::1 by localhost
ua: Mozilla/5.0 (Macintosh; Intel Mac OS X 10_15_7) AppleWebKit/537.36 (KHTML, like Gecko) Chrome/107.0.0.0 Safari/537.36

[Error404] 2022-11-24 16:59:05 ---------------------------------------------------------
Uri: /img/main_image_2.jpg
Referer: http://basercms-practice.localhost:8888/
IP: ::1 by localhost
ua: Mozilla/5.0 (Macintosh; Intel Mac OS X 10_15_7) AppleWebKit/537.36 (KHTML, like Gecko) Chrome/107.0.0.0 Safari/537.36

[Error404] 2022-11-24 16:59:05 ---------------------------------------------------------
Uri: /img/main_image_1.jpg
Referer: http://basercms-practice.localhost:8888/
IP: ::1 by localhost
ua: Mozilla/5.0 (Macintosh; Intel Mac OS X 10_15_7) AppleWebKit/537.36 (KHTML, like Gecko) Chrome/107.0.0.0 Safari/537.36

[Error404] 2022-11-24 16:59:05 ---------------------------------------------------------
Uri: /img/main_image_3.jpg
Referer: http://basercms-practice.localhost:8888/
IP: ::1 by localhost
ua: Mozilla/5.0 (Macintosh; Intel Mac OS X 10_15_7) AppleWebKit/537.36 (KHTML, like Gecko) Chrome/107.0.0.0 Safari/537.36

[Error404] 2022-11-24 16:59:05 ---------------------------------------------------------
Uri: /img/main_image_4.jpg
Referer: http://basercms-practice.localhost:8888/
IP: ::1 by localhost
ua: Mozilla/5.0 (Macintosh; Intel Mac OS X 10_15_7) AppleWebKit/537.36 (KHTML, like Gecko) Chrome/107.0.0.0 Safari/537.36

[Error404] 2022-11-24 16:59:05 ---------------------------------------------------------
Uri: /img/main_image_5.jpg
Referer: http://basercms-practice.localhost:8888/
IP: ::1 by localhost
ua: Mozilla/5.0 (Macintosh; Intel Mac OS X 10_15_7) AppleWebKit/537.36 (KHTML, like Gecko) Chrome/107.0.0.0 Safari/537.36

[Error404] 2022-11-24 17:08:08 ---------------------------------------------------------
Uri: /img/main_image_2.jpg
Referer: http://basercms-practice.localhost:8888/
IP: ::1 by localhost
ua: Mozilla/5.0 (Macintosh; Intel Mac OS X 10_15_7) AppleWebKit/537.36 (KHTML, like Gecko) Chrome/107.0.0.0 Safari/537.36

[Error404] 2022-11-24 17:08:08 ---------------------------------------------------------
Uri: /img/main_image_3.jpg
Referer: http://basercms-practice.localhost:8888/
IP: ::1 by localhost
ua: Mozilla/5.0 (Macintosh; Intel Mac OS X 10_15_7) AppleWebKit/537.36 (KHTML, like Gecko) Chrome/107.0.0.0 Safari/537.36

[Error404] 2022-11-24 17:08:08 ---------------------------------------------------------
Uri: /img/main_image_5.jpg
Referer: http://basercms-practice.localhost:8888/
IP: ::1 by localhost
ua: Mozilla/5.0 (Macintosh; Intel Mac OS X 10_15_7) AppleWebKit/537.36 (KHTML, like Gecko) Chrome/107.0.0.0 Safari/537.36

[Error404] 2022-11-24 17:08:08 ---------------------------------------------------------
Uri: /img/main_image_4.jpg
Referer: http://basercms-practice.localhost:8888/
IP: ::1 by localhost
ua: Mozilla/5.0 (Macintosh; Intel Mac OS X 10_15_7) AppleWebKit/537.36 (KHTML, like Gecko) Chrome/107.0.0.0 Safari/537.36

[Error404] 2022-11-24 17:08:38 ---------------------------------------------------------
Uri: /img/main_image_2.jpg
Referer: http://basercms-practice.localhost:8888/
IP: ::1 by localhost
ua: Mozilla/5.0 (Macintosh; Intel Mac OS X 10_15_7) AppleWebKit/537.36 (KHTML, like Gecko) Chrome/107.0.0.0 Safari/537.36

[Error404] 2022-11-24 17:08:38 ---------------------------------------------------------
Uri: /img/main_image_4.jpg
Referer: http://basercms-practice.localhost:8888/
IP: ::1 by localhost
ua: Mozilla/5.0 (Macintosh; Intel Mac OS X 10_15_7) AppleWebKit/537.36 (KHTML, like Gecko) Chrome/107.0.0.0 Safari/537.36

[Error404] 2022-11-24 17:08:38 ---------------------------------------------------------
Uri: /img/main_image_5.jpg
Referer: http://basercms-practice.localhost:8888/
IP: ::1 by localhost
ua: Mozilla/5.0 (Macintosh; Intel Mac OS X 10_15_7) AppleWebKit/537.36 (KHTML, like Gecko) Chrome/107.0.0.0 Safari/537.36

[Error404] 2022-11-24 17:08:38 ---------------------------------------------------------
Uri: /img/main_image_3.jpg
Referer: http://basercms-practice.localhost:8888/
IP: ::1 by localhost
ua: Mozilla/5.0 (Macintosh; Intel Mac OS X 10_15_7) AppleWebKit/537.36 (KHTML, like Gecko) Chrome/107.0.0.0 Safari/537.36

